error	14:46:26.318861-0600	kernel	Error setting grimaldi power state
error	14:46:26.392231-0600	powerexperienced	Write failed for key '<private>' (0x0, 0x84)
error	14:46:26.392244-0600	powerexperienced	Key not found
error	14:46:26.393016-0600	powerexperienced	Write failed for key '<private>' (0x0, 0x84)
error	14:46:26.393054-0600	powerexperienced	Key not found
error	14:46:26.393800-0600	powerexperienced	Write failed for key '<private>' (0x0, 0x84)
error	14:46:26.394017-0600	powerexperienced	Key not found
error	14:46:26.394238-0600	powerexperienced	Write failed for key '<private>' (0x0, 0x84)
error	14:46:26.394267-0600	powerexperienced	Key not found
error	14:46:26.400768-0600	wifid	WiFiLQAMgrLinkRecommendationNotify: channel score: chq=3, tx-lat=5, rx-lat=5, tx-loss=5, rx-loss=5, txPer=0.0%, p95-lat=1, RT=0x0, link-recommendation=0x0
error	14:46:26.814409-0600	wifid	LQM-WiFi: WeightAvgLQM rssi=-51 snr=16 txRate=385000 rxRate=400000
error	14:46:26.814717-0600	wifid	LQM-WiFi:  (HighBand) rxCrsGlitch=3 rxBphyCrsGlitch=0 rxStart=2804 rxBadPLCP=7 rxBphyBadPLCP=0 rxBadFCS=23 rxFifo0Ovfl=0 rxFifo1Ovfl=0 rx_nobuf=0 rxAnyErr=205 rxResponseTimeout=3 rxNoDelim=102 rxFrmTooLong=0 rxFrmTooShort=2
error	14:46:26.815809-0600	wifid	LQM-WiFi: (HighBand) txRTSFrm=41 txRTSFail=0 rxCTSUcast=40 rxRTSUcast=0 txCTSFrm=0 txAMPDU=40 rxBACK=39 txPhyError=0 txAllFrm=116 txMPDU=2 txUcast=47 rxACKUcast=6 OfdmDesense=0 dB
error	14:46:26.816328-0600	wifid	LQM-WiFi: (HighBand) rxBeaconMbss=40 rxBeaconObss=152 rxDataUcastMbss=39 rxMgmtUcastMbss=0 rxCNTRLUcast=85 txACKFrm=0 txBACK=28 ctxFifoFull=0 ctxFifo2Full=0 rxDataMcast=2 rxMgmtMcast=194 rxDrop20s=0
error	14:46:26.816585-0600	wifid	LQM-WiFi: RX AMPDU (HighBand) rxAmpdu=28 txBACK(Ucode)=28 rxMpduInAmpdu=39 rxholes=0 rxdup=0 rxstuck=0 rxoow=0 rxoos=0 rxaddbareq=0 txaddbaresp=0 rxbar=0 txdelba=0 rxdelba=0 rxQueued=0 rxRetryNoBA=0
error	14:46:26.816667-0600	wifid	LQM-WiFi: WME RX MPDUs (rxPER 0 %) in tids 0:16, 1:0, 2:0, 3:0, 4:0, 5:0, 6:0, 7:0
error	14:46:26.816976-0600	wifid	LQM-WiFi:  (HighBand) rxToss=2 rxLastTossRsn=39 rxNoFrag=0 rxNoCmplId=0 rxNoHaddr=0 rxMulti=0 rxUndec=0
error	14:46:26.817024-0600	wifid	LQM-WiFi: TX(00:00:00:00:00:00) AC<SU MS NB NRS NA CM EX TF FFP MRET FLE> BE<36 0 0 0 0 0 0 0 0 0 0> (4998ms)
error	14:46:26.817050-0600	wifid	LQM-WiFi: TX(00:00:00:00:00:00) AC<SU MS NB NRS NA CM EX TF FFP MRET FLE> BK<19 0 0 0 0 0 0 0 0 0 0> (4998ms)
error	14:46:26.817075-0600	wifid	LQM-WiFi: TX(00:00:00:00:00:00) AC<SU MS NB NRS NA CM EX TF FFP MRET FLE> VI<0 0 0 0 0 0 0 0 0 0 0> (4998ms)
error	14:46:26.817097-0600	wifid	LQM-WiFi: TX(00:00:00:00:00:00) AC<SU MS NB NRS NA CM EX TF FFP MRET FLE> VO<0 0 0 0 0 0 0 0 0 0 0> (4998ms)
error	14:46:26.817200-0600	wifid	LQM-WiFi: L3 Control VO TX(00:00:00:00:00:00) Success=0 NoACK=0 Expired=0 OtherErr=0
error	14:46:26.998374-0600	powerexperienced	Write failed for key '<private>' (0x0, 0x84)
error	14:46:26.998393-0600	powerexperienced	Key not found
error	14:46:26.999310-0600	powerexperienced	Write failed for key '<private>' (0x0, 0x84)
error	14:46:26.999330-0600	powerexperienced	Key not found
error	14:46:27.000097-0600	powerexperienced	Write failed for key '<private>' (0x0, 0x84)
error	14:46:27.000116-0600	powerexperienced	Key not found
error	14:46:27.000844-0600	powerexperienced	Write failed for key '<private>' (0x0, 0x84)
error	14:46:27.000863-0600	powerexperienced	Key not found
error	14:46:27.379091-0600	kernel	Error setting grimaldi power state
error	14:46:27.453279-0600	powerexperienced	Write failed for key '<private>' (0x0, 0x84)
error	14:46:27.453289-0600	powerexperienced	Key not found
error	14:46:27.454088-0600	powerexperienced	Write failed for key '<private>' (0x0, 0x84)
error	14:46:27.454107-0600	powerexperienced	Key not found
error	14:46:27.454724-0600	powerexperienced	Write failed for key '<private>' (0x0, 0x84)
error	14:46:27.454732-0600	powerexperienced	Key not found
error	14:46:27.455384-0600	powerexperienced	Write failed for key '<private>' (0x0, 0x84)
error	14:46:27.455395-0600	powerexperienced	Key not found
error	14:46:27.652981-0600	duetexpertd	failed to get suggestions executable info from <private>
error	14:46:27.652996-0600	duetexpertd	failed to get suggestions executable info from <private>
error	14:46:27.653004-0600	duetexpertd	failed to get suggestions executable info from <private>
error	14:46:27.683837-0600	duetexpertd	Event class '<private>' missing from NSKeyedUnarchiver allowedClasses
error	14:46:27.998975-0600	powerexperienced	Write failed for key '<private>' (0x0, 0x84)
error	14:46:27.998986-0600	powerexperienced	Key not found
error	14:46:28.999644-0600	powerexperienced	Write failed for key '<private>' (0x0, 0x84)
error	14:46:28.999653-0600	powerexperienced	Key not found
error	14:46:28.000248-0600	powerexperienced	Write failed for key '<private>' (0x0, 0x84)
error	14:46:28.000253-0600	powerexperienced	Key not found
error	14:46:28.000618-0600	powerexperienced	Write failed for key '<private>' (0x0, 0x84)
error	14:46:28.000626-0600	powerexperienced	Key not found
error	14:46:28.384181-0600	kernel	Error setting grimaldi power state
error	14:46:28.464533-0600	powerexperienced	Write failed for key '<private>' (0x0, 0x84)
error	14:46:28.464543-0600	powerexperienced	Key not found
error	14:46:28.464557-0600	powerexperienced	Write failed for key '<private>' (0x0, 0x84)
error	14:46:28.464564-0600	powerexperienced	Key not found
error	14:46:28.465075-0600	powerexperienced	Write failed for key '<private>' (0x0, 0x84)
error	14:46:28.465086-0600	powerexperienced	Key not found
error	14:46:28.465612-0600	powerexperienced	Write failed for key '<private>' (0x0, 0x84)
error	14:46:28.465624-0600	powerexperienced	Key not found
error	14:46:28.631582-0600	thermalmonitord	<Error> could not find `cpu-avg-limiter-input-w2r property
error	14:46:28.631647-0600	thermalmonitord	<Error> Failed to read `cpu-avg-limiter-input-w2r
error	14:46:29.055556-0600	powerexperienced	Write failed for key '<private>' (0x0, 0x84)
error	14:46:29.055566-0600	powerexperienced	Key not found
error	14:46:29.056494-0600	powerexperienced	Write failed for key '<private>' (0x0, 0x84)
error	14:46:29.056508-0600	powerexperienced	Key not found
error	14:46:29.056979-0600	powerexperienced	Write failed for key '<private>' (0x0, 0x84)
error	14:46:29.057008-0600	powerexperienced	Key not found
error	14:46:29.057480-0600	powerexperienced	Write failed for key '<private>' (0x0, 0x84)
error	14:46:29.057492-0600	powerexperienced	Key not found
error	14:46:29.435327-0600	kernel	Error setting grimaldi power state
error	14:46:29.510602-0600	powerexperienced	Write failed for key '<private>' (0x0, 0x84)
error	14:46:29.510612-0600	powerexperienced	Key not found
error	14:46:29.511296-0600	powerexperienced	Write failed for key '<private>' (0x0, 0x84)
error	14:46:29.511324-0600	powerexperienced	Key not found
error	14:46:29.512037-0600	powerexperienced	Write failed for key '<private>' (0x0, 0x84)
error	14:46:29.512048-0600	powerexperienced	Key not found
error	14:46:29.512622-0600	powerexperienced	Write failed for key '<private>' (0x0, 0x84)
error	14:46:29.512634-0600	powerexperienced	Key not found
error	14:46:29.610969-0600	SpringBoard	[S:7cd] Error received: Connection invalidated.
error	14:46:30.102149-0600	powerexperienced	Write failed for key '<private>' (0x0, 0x84)
error	14:46:30.102165-0600	powerexperienced	Key not found
error	14:46:30.103353-0600	powerexperienced	Write failed for key '<private>' (0x0, 0x84)
error	14:46:30.103372-0600	powerexperienced	Key not found
error	14:46:30.103993-0600	powerexperienced	Write failed for key '<private>' (0x0, 0x84)
error	14:46:30.104044-0600	powerexperienced	Key not found
error	14:46:30.104768-0600	powerexperienced	Write failed for key '<private>' (0x0, 0x84)
error	14:46:30.104789-0600	powerexperienced	Key not found
error	14:46:30.212742-0600	runningboardd	Multiple RBSRunningReasonAttribute provided: 10000 vs 20838. First one wins, but client should be fixed for assertion 36-37-190342 (target:app<org.studionode.CampusTours(5ADBBAFC-CE98-48D8-B7AD-1A6390B5D18E)>)
error	14:46:30.223376-0600	kernel	Sandbox: CampusTour(28693) deny(1) sysctl-read kern.bootargs
error	14:46:30.236067-0600	SpringBoard	Live host view super view[(null)] not matching container view[<UIView: 0x92442ed80; frame = (0 0; 393 852); clipsToBounds = YES; layer = <CALayer: 0x9210c5200>>], frame not updated
error	14:46:30.238328-0600	SpringBoard	Live host view super view[(null)] not matching container view[<UIView: 0x92442ed80; frame = (0 0; 393 852); clipsToBounds = YES; layer = <CALayer: 0x9210c5200>>], frame not updated
error	14:46:30.238356-0600	SpringBoard	Live host view super view[(null)] not matching container view[<UIView: 0x92442ed80; frame = (0 0; 393 852); clipsToBounds = YES; layer = <CALayer: 0x9210c5200>>], frame not updated
error	14:46:30.244702-0600	SpringBoard	-[RTIInputSystemClient remoteTextInputSessionWithID:performInputOperation:]  perform input operation requires a valid sessionID. inputModality = Keyboard, inputOperation = <null selector>, customInfoType = UIEmojiSearchOperations
error	14:46:30.244998-0600	backboardd	cycle detected between [37-DFE] -> [37-3]
error	14:46:30.245369-0600	backboardd	cycle detected between [37-DFE] -> [37-3]
error	14:46:30.248437-0600	SpringBoard	SBIconView implements focusItemsInRect: - caching for linear focus movement is limited as long as this view is on screen.
error	14:46:30.258403-0600	SpringBoard	attention client com.apple.SpringBoard.HomeGrabberView-527 cannot reset; error:Error Domain=NSPOSIXErrorDomain Code=57 "Socket is not connected" UserInfo={NSLocalizedDescription= Not connected to server}
error	14:46:30.261933-0600	SpringBoard	attention client com.apple.SpringBoard.HomeGrabberView-527 cannot reset; error:Error Domain=NSPOSIXErrorDomain Code=57 "Socket is not connected" UserInfo={NSLocalizedDescription= Not connected to server}
error	14:46:30.261970-0600	SpringBoard	Live host view super view[(null)] not matching container view[<UIView: 0x92442ed80; frame = (0 0; 393 852); clipsToBounds = YES; layer = <CALayer: 0x9210c5200>>], frame not updated
fault	14:46:30.284238-0600	CampusTour	`UIScene` lifecycle will soon be required. Failure to adopt will result in an assert in the future.
error	14:46:30.292406-0600	backboardd	cycle detected between [37-DFE] -> [37-3]
error	14:46:30.292560-0600	backboardd	cycle detected between [37-DFE] -> [37-3]
error	14:46:30.298868-0600	backboardd	cycle detected between [37-DFE] -> [37-3]
error	14:46:30.299478-0600	backboardd	cycle detected between [37-DFE] -> [37-3]
error	14:46:30.312319-0600	SpringBoard	Live host view super view[<SBCrossfadeView: 0x92478cfc0; frame = (0 0; 393 852); clipsToBounds = YES; layer = <CALayer: 0x9295ac150>>] not matching container view[<UIView: 0x92442ed80; frame = (0 0; 393 852); clipsToBounds = YES; layer = <CALayer: 0x9210c5200>>], frame not updated
error	14:46:30.334496-0600	CampusTour	[Error: supabaseUrl is required.]
error	14:46:30.335628-0600	CampusTour	Unhandled JS Exception: Error: supabaseUrl is required.
error	14:46:30.340528-0600	SpringBoard	[S:7ce] Error received: Connection invalidated.
error	14:46:30.340967-0600	backboardd	[S:210] Error received: Connection invalidated.
error	14:46:30.340972-0600	backboardd	invalidated connection <BSXPC(com.apple.backboard.hid-services.xpc[S:210-1r])-from(28693:[C:2-1])-as(BKHIDEventDeliveryObserver):0xd9992e8a0 name=(null)>
error	14:46:30.341084-0600	backboardd	invalidated connection <BSXPC(com.apple.backboard.hid-services.xpc[S:210-2r])-from(28693:[C:2-2])-as(BKHIDEventDeliveryManager):0xd9843c0f0 name=(null)>
error	14:46:30.342629-0600	SpringBoard	Advisor: No handle found for currently focused PID: 28693; sceneIdentity: com.apple.frontboard.systemappservices/FBSceneManager:sceneID%3Aorg.studionode.CampusTours-default
error	14:46:30.353763-0600	SpringBoard	Ignoring update for invalidated scene: (FBSceneManager):sceneID:org.studionode.CampusTours-default
error	14:46:30.354276-0600	SpringBoard	Live host view super view[<SBCrossfadeView: 0x92478cfc0; frame = (0 0; 393 852); clipsToBounds = YES; layer = <CALayer: 0x9295ac150>>] not matching container view[<UIView: 0x92442ed80; frame = (0 0; 393 852); clipsToBounds = YES; layer = <CALayer: 0x9210c5200>>], frame not updated
error	14:46:30.354785-0600	SpringBoard	Error creating the CFMessagePort needed to communicate with PPT.
error	14:46:30.354831-0600	SpringBoard	Ignoring update for invalidated scene: (FBSceneManager):sceneID:org.studionode.CampusTours-default
error	14:46:30.364324-0600	dasd	Data type not yet set for stream APRSBiomeAppKillEvent, please switch to APIs that take eventDataClass as a parameter.
error	14:46:30.364829-0600	dasd	Event class '<private>' missing from NSKeyedUnarchiver allowedClasses
error	14:46:30.371349-0600	symptomsd	Process state is unknown AppStateTracker, pid 28693, uuid 161FFD54-8BCF-3E8E-A4DA-F41B9E747164 display identifier org.studionode.CampusTours foreground 1
error	14:46:30.373650-0600	symptomsd	COSMCtrl _foregroundAppActivity incoming bundle org.studionode.CampusTours has nil supplied UUID, finds existing 161FFD54-8BCF-3E8E-A4DA-F41B9E747164
error	14:46:30.374079-0600	ReportCrash	Unable to extract info plist from binary
error	14:46:30.482377-0600	kernel	Error setting grimaldi power state
error	14:46:30.484834-0600	ReportCrash	Footprint changed while analyzing – attempting to adjust more owned unmapped physical footprint than is present in the process by 32768 bytes
error	14:46:30.553121-0600	powerexperienced	Write failed for key '<private>' (0x0, 0x84)
error	14:46:30.553128-0600	powerexperienced	Key not found
error	14:46:30.553716-0600	powerexperienced	Write failed for key '<private>' (0x0, 0x84)
error	14:46:30.553725-0600	powerexperienced	Key not found
error	14:46:30.554166-0600	powerexperienced	Write failed for key '<private>' (0x0, 0x84)
error	14:46:30.554173-0600	powerexperienced	Key not found
error	14:46:30.554657-0600	powerexperienced	Write failed for key '<private>' (0x0, 0x84)
error	14:46:30.554666-0600	powerexperienced	Key not found
error	14:46:30.737688-0600	SpringBoard	The connection invalidated: Connection invalid.
error	14:46:30.781368-0600	ReportCrash	Footprint changed while analyzing – attempting to adjust more owned unmapped physical footprint than is present in the process by 32768 bytes
error	14:46:30.790961-0600	SpringBoard	Data type not yet set for stream blendingUIHomeScreen, please switch to APIs that take eventDataClass as a parameter.
error	14:46:30.791258-0600	SpringBoard	Event class '<private>' missing from NSKeyedUnarchiver allowedClasses
error	14:46:30.809678-0600	SpringBoard	attention client com.apple.SpringBoard.HomeGrabberView-527 cannot reset; error:Error Domain=NSPOSIXErrorDomain Code=57 "Socket is not connected" UserInfo={NSLocalizedDescription= Not connected to server}
error	14:46:30.810749-0600	backboardd	cycle detected between [37-E00] -> [37-3]
error	14:46:30.810801-0600	SpringBoard	-[RTIInputSystemClient remoteTextInputSessionWithID:performInputOperation:]  perform input operation requires a valid sessionID. inputModality = Keyboard, inputOperation = <null selector>, customInfoType = UIEmojiSearchOperations
error	14:46:30.811055-0600	backboardd	cycle detected between [37-E00] -> [37-3]
error	14:46:30.813694-0600	SpringBoard	Unable to retrieve any SBDeviceApplicationSceneEntity-s from the provided SBDeviceApplicationSceneHandle-s: {(
)}
error	14:46:30.813703-0600	SpringBoard	Error while attempting to disconnect scene: Error Domain=SBWorkspaceErrorDomain Code=1 UserInfo={NSDebugDescription=<private>}
error	14:46:30.844775-0600	contextstored	Simulating crash. Reason: <private>
error	14:46:30.844835-0600	contextstored	Simulating crash. Reason: <private>
error	14:46:30.851372-0600	duetexpertd	Couldn't fetch record for bundle , error: Error Domain=NSOSStatusErrorDomain Code=-10814 UserInfo={_LSFile=<private>, _LSLine=1973, _LSFunction=<private>}
error	14:46:30.898837-0600	ReportCrash	Footprint changed while analyzing – attempting to adjust more owned unmapped physical footprint than is present in the process by 32768 bytes
error	14:46:30.998780-0600	diagnosticservicesd	Successfully parsed payload for <private> in namespace DIAGNOSTIC_PATTERN_MATCHING_CRASH as type CrashPatternDefinition. Count = 1
error	14:46:31.025919-0600	ReportCrash	Failed to create bundle record for bundleID <private> and error <private>
error	14:46:31.031115-0600	osanalyticshelper	Client (28637) is not entitled to read/write defaults.
error	14:46:31.039473-0600	OTACrashCopier	Failed to mark <private> as purgeable -1 (Operation not permitted) (flags 0x      12804)
error	14:46:31.059633-0600	backboardd	cycle detected between [37-E01] -> [37-3]
error	14:46:31.059966-0600	SpringBoard	-[RTIInputSystemClient remoteTextInputSessionWithID:performInputOperation:]  perform input operation requires a valid sessionID. inputModality = Keyboard, inputOperation = <null selector>, customInfoType = UIEmojiSearchOperations
error	14:46:31.060283-0600	backboardd	cycle detected between [37-E01] -> [37-3]
error	14:46:31.088203-0600	SpringBoard	-[RTIInputSystemClient remoteTextInputSessionWithID:performInputOperation:]  perform input operation requires a valid sessionID. inputModality = Keyboard, inputOperation = <null selector>, customInfoType = UIEmojiSearchOperations
error	14:46:31.103168-0600	powerexperienced	Write failed for key '<private>' (0x0, 0x84)
error	14:46:31.103177-0600	powerexperienced	Key not found
error	14:46:31.104211-0600	powerexperienced	Write failed for key '<private>' (0x0, 0x84)
error	14:46:31.104238-0600	powerexperienced	Key not found
error	14:46:31.105072-0600	powerexperienced	Write failed for key '<private>' (0x0, 0x84)
error	14:46:31.105093-0600	powerexperienced	Key not found
error	14:46:31.105603-0600	powerexperienced	Write failed for key '<private>' (0x0, 0x84)
error	14:46:31.105612-0600	powerexperienced	Key not found
error	14:46:31.155720-0600	SpringBoard	attention client lost event tag is not a number: (null)
error	14:46:31.155797-0600	SpringBoard	attention client lost event tag is not a number: (null)
error	14:46:31.155900-0600	SpringBoard	attention client lost event tag is not a number: (null)
error	14:46:31.156210-0600	SpringBoard	attention client lost event tag is not a number: (null)
error	14:46:31.156294-0600	SpringBoard	attention client lost event tag is not a number: (null)
error	14:46:31.156444-0600	SpringBoard	attention client lost event tag is not a number: (null)
error	14:46:31.156536-0600	SpringBoard	attention client lost event tag is not a number: (null)
error	14:46:31.403244-0600	wifid	WiFiLQAMgrLinkRecommendationNotify: channel score: chq=3, tx-lat=5, rx-lat=5, tx-loss=5, rx-loss=5, txPer=0.0%, p95-lat=1, RT=0x0, link-recommendation=0x0
error	14:46:31.486773-0600	kernel	Error setting grimaldi power state
error	14:46:31.562148-0600	powerexperienced	Write failed for key '<private>' (0x0, 0x84)
error	14:46:31.562256-0600	powerexperienced	Key not found
error	14:46:31.563453-0600	powerexperienced	Write failed for key '<private>' (0x0, 0x84)
error	14:46:31.563466-0600	powerexperienced	Key not found
error	14:46:31.564146-0600	powerexperienced	Write failed for key '<private>' (0x0, 0x84)
error	14:46:31.564160-0600	powerexperienced	Key not found
error	14:46:31.564759-0600	powerexperienced	Write failed for key '<private>' (0x0, 0x84)
error	14:46:31.564771-0600	powerexperienced	Key not found
error	14:46:31.822896-0600	wifid	LQM-WiFi: WeightAvgLQM rssi=-53 snr=24 txRate=390000 rxRate=400000
error	14:46:31.822973-0600	wifid	LQM-WiFi:  (HighBand) rxCrsGlitch=0 rxBphyCrsGlitch=0 rxStart=254 rxBadPLCP=1 rxBphyBadPLCP=0 rxBadFCS=2 rxFifo0Ovfl=0 rxFifo1Ovfl=0 rx_nobuf=0 rxAnyErr=59 rxResponseTimeout=0 rxNoDelim=0 rxFrmTooLong=0 rxFrmTooShort=1
error	14:46:31.823019-0600	wifid	LQM-WiFi: (HighBand) txRTSFrm=0 txRTSFail=0 rxCTSUcast=0 rxRTSUcast=0 txCTSFrm=0 txAMPDU=0 rxBACK=0 txPhyError=0 txAllFrm=0 txMPDU=1 txUcast=0 rxACKUcast=0 OfdmDesense=0 dB
error	14:46:31.823100-0600	wifid	LQM-WiFi: (HighBand) rxBeaconMbss=30 rxBeaconObss=43 rxDataUcastMbss=0 rxMgmtUcastMbss=0 rxCNTRLUcast=0 txACKFrm=0 txBACK=0 ctxFifoFull=0 ctxFifo2Full=0 rxDataMcast=1 rxMgmtMcast=73 rxDrop20s=0
error	14:46:31.823786-0600	wifid	LQM-WiFi: RX AMPDU (HighBand) rxAmpdu=0 txBACK(Ucode)=0 rxMpduInAmpdu=0 rxholes=0 rxdup=0 rxstuck=0 rxoow=0 rxoos=0 rxaddbareq=0 txaddbaresp=0 rxbar=0 txdelba=0 rxdelba=0 rxQueued=0 rxRetryNoBA=0
error	14:46:31.823810-0600	wifid	LQM-WiFi: WME RX MPDUs (rxPER 0 %) in tids 0:75, 1:0, 2:0, 3:0, 4:0, 5:0, 6:0, 7:0
error	14:46:31.823895-0600	wifid	LQM-WiFi:  (HighBand) rxToss=2 rxLastTossRsn=39 rxNoFrag=0 rxNoCmplId=0 rxNoHaddr=0 rxMulti=0 rxUndec=0
error	14:46:31.823926-0600	wifid	LQM-WiFi: TX(00:00:00:00:00:00) AC<SU MS NB NRS NA CM EX TF FFP MRET FLE> BE<0 0 0 0 0 0 0 0 0 0 0> (4999ms)
error	14:46:31.823941-0600	wifid	LQM-WiFi: TX(00:00:00:00:00:00) AC<SU MS NB NRS NA CM EX TF FFP MRET FLE> BK<0 0 0 0 0 0 0 0 0 0 0> (4999ms)
error	14:46:31.823955-0600	wifid	LQM-WiFi: TX(00:00:00:00:00:00) AC<SU MS NB NRS NA CM EX TF FFP MRET FLE> VI<0 0 0 0 0 0 0 0 0 0 0> (4999ms)
error	14:46:31.823967-0600	wifid	LQM-WiFi: TX(00:00:00:00:00:00) AC<SU MS NB NRS NA CM EX TF FFP MRET FLE> VO<0 0 0 0 0 0 0 0 0 0 0> (4999ms)
error	14:46:31.823983-0600	wifid	LQM-WiFi: L3 Control VO TX(00:00:00:00:00:00) Success=0 NoACK=0 Expired=0 OtherErr=0
error	14:46:32.118928-0600	powerexperienced	Write failed for key '<private>' (0x0, 0x84)
error	14:46:32.118938-0600	powerexperienced	Key not found
error	14:46:32.119770-0600	powerexperienced	Write failed for key '<private>' (0x0, 0x84)
error	14:46:32.119779-0600	powerexperienced	Key not found
error	14:46:32.120167-0600	powerexperienced	Write failed for key '<private>' (0x0, 0x84)
error	14:46:32.120174-0600	powerexperienced	Key not found
error	14:46:32.120706-0600	powerexperienced	Write failed for key '<private>' (0x0, 0x84)
error	14:46:32.120716-0600	powerexperienced	Key not found
error	14:46:32.503372-0600	kernel	Error setting grimaldi power state
error	14:46:32.589202-0600	powerexperienced	Write failed for key '<private>' (0x0, 0x84)
error	14:46:32.589215-0600	powerexperienced	Key not found
error	14:46:32.589402-0600	powerexperienced	Write failed for key '<private>' (0x0, 0x84)
error	14:46:32.589409-0600	powerexperienced	Key not found
error	14:46:32.590343-0600	powerexperienced	Write failed for key '<private>' (0x0, 0x84)
error	14:46:32.590406-0600	powerexperienced	Key not found
error	14:46:32.590497-0600	powerexperienced	Write failed for key '<private>' (0x0, 0x84)
error	14:46:32.590512-0600	powerexperienced	Key not found
error	14:46:32.815545-0600	SpringBoard	-[RTIInputSystemClient remoteTextInputSessionWithID:performInputOperation:]  perform input operation requires a valid sessionID. inputModality = Keyboard, inputOperation = <null selector>, customInfoType = UIEmojiSearchOperations
error	14:46:32.828963-0600	SpringBoard	-[RTIInputSystemClient remoteTextInputSessionWithID:performInputOperation:]  perform input operation requires a valid sessionID. inputModality = Keyboard, inputOperation = <null selector>, customInfoType = UIEmojiSearchOperations
error	14:46:32.829184-0600	backboardd	cycle detected between [37-E02] -> [37-3]
error	14:46:32.830089-0600	backboardd	cycle detected between [37-E02] -> [37-3]
error	14:46:33.124718-0600	powerexperienced	Write failed for key '<private>' (0x0, 0x84)
error	14:46:33.124747-0600	powerexperienced	Key not found
error	14:46:33.125679-0600	powerexperienced	Write failed for key '<private>' (0x0, 0x84)
error	14:46:33.125691-0600	powerexperienced	Key not found
error	14:46:33.126600-0600	powerexperienced	Write failed for key '<private>' (0x0, 0x84)
error	14:46:33.126626-0600	powerexperienced	Key not found
error	14:46:33.127463-0600	powerexperienced	Write failed for key '<private>' (0x0, 0x84)
error	14:46:33.127490-0600	powerexperienced	Key not found
error	14:46:33.377546-0600	SpringBoard	attention client lost event tag is not a number: (null)
error	14:46:33.378029-0600	SpringBoard	attention client lost event tag is not a number: (null)
error	14:46:33.378046-0600	SpringBoard	attention client lost event tag is not a number: (null)
error	14:46:33.378380-0600	SpringBoard	attention client lost event tag is not a number: (null)
error	14:46:33.378520-0600	SpringBoard	attention client lost event tag is not a number: (null)
error	14:46:33.378927-0600	SpringBoard	attention client lost event tag is not a number: (null)
error	14:46:33.379240-0600	SpringBoard	attention client lost event tag is not a number: (null)
error	14:46:33.506160-0600	kernel	Error setting grimaldi power state
error	14:46:33.584434-0600	powerexperienced	Write failed for key '<private>' (0x0, 0x84)
error	14:46:33.585764-0600	powerexperienced	Key not found
error	14:46:33.586380-0600	powerexperienced	Write failed for key '<private>' (0x0, 0x84)
error	14:46:33.586426-0600	powerexperienced	Key not found
error	14:46:33.586514-0600	powerexperienced	Write failed for key '<private>' (0x0, 0x84)
error	14:46:33.586524-0600	powerexperienced	Key not found
error	14:46:33.587105-0600	powerexperienced	Write failed for key '<private>' (0x0, 0x84)
error	14:46:33.587162-0600	powerexperienced	Key not found
error	14:46:33.624718-0600	thermalmonitord	<Error> could not find `cpu-avg-limiter-input-w2r property
error	14:46:33.624737-0600	thermalmonitord	<Error> Failed to read `cpu-avg-limiter-input-w2r
error	14:46:34.141865-0600	powerexperienced	Write failed for key '<private>' (0x0, 0x84)
error	14:46:34.141885-0600	powerexperienced	Key not found
error	14:46:34.142915-0600	powerexperienced	Write failed for key '<private>' (0x0, 0x84)
error	14:46:34.142935-0600	powerexperienced	Key not found
error	14:46:34.143671-0600	powerexperienced	Write failed for key '<private>' (0x0, 0x84)
error	14:46:34.143687-0600	powerexperienced	Key not found
error	14:46:34.144623-0600	powerexperienced	Write failed for key '<private>' (0x0, 0x84)
error	14:46:34.144640-0600	powerexperienced	Key not found
error	14:46:34.217648-0600	kernel	IOSEPBiometricService::sksQueueDequeue -> err:0xe00002f0
error	14:46:34.217900-0600	kernel	IOSEPBiometricService::sksQueueDequeue -> err:0xe00002f0
error	14:46:34.218041-0600	kernel	IOSEPBiometricService::sksQueueDequeue -> err:0xe00002f0
error	14:46:34.220304-0600	rapportd	Could not find BT ID for IDS DeviceID: test from client CLinkClient, CID 0xB2F005F, FL 0x0 < >, CF 0x10006 < BLE iWiFi BLEScreenOff >, No device, BLEScreenOffRescanInterval 900, bleScreenOffScanRate Background, deviceFilter [
    "test"
]
error	14:46:34.221334-0600	sharingd	Attempting to stop scanning but not scanning
error	14:46:34.266144-0600	sharingd	XPC connection invalid
error	14:46:34.435527-0600	kernel	SID: 0x0 task: <decode: mismatch for [%p] got [SCALAR private sz:0]> buffer: 0x0  buffer->fClientTask = 0x0 not found
error	14:46:34.443984-0600	kernel	SID: 0x0 task: <decode: mismatch for [%p] got [SCALAR private sz:0]> buffer: 0x0  buffer->fClientTask = 0x0 not found
error	14:46:34.444003-0600	kernel	SID: 0x0 task: <decode: mismatch for [%p] got [SCALAR private sz:0]> buffer: 0x0  buffer->fClientTask = 0x0 not found
error	14:46:34.444108-0600	kernel	SID: 0x0 task: <decode: mismatch for [%p] got [SCALAR private sz:0]> buffer: 0x0  buffer->fClientTask = 0x0 not found
error	14:46:34.468878-0600	rapportd	Missing cached sync info
error	14:46:34.480920-0600	rapportd	Could not find BT ID for IDS DeviceID: test from client CLinkClient, CID 0xB2F005F, FL 0x0 < >, CF 0x10006 < BLE iWiFi BLEScreenOff >, No device, BLEScreenOffRescanInterval 900, bleScreenOffScanRate Background, deviceFilter [
    "test"
]
error	14:46:34.482023-0600	powerexperienced	Write failed for key '<private>' (0x0, 0x84)
error	14:46:34.482062-0600	powerexperienced	Key not found
error	14:46:34.482206-0600	powerexperienced	Write failed for key '<private>' (0x0, 0x84)
error	14:46:34.482305-0600	powerexperienced	Key not found
error	14:46:34.482702-0600	powerexperienced	Write failed for key '<private>' (0x0, 0x84)
error	14:46:34.482711-0600	powerexperienced	Key not found
error	14:46:34.502027-0600	kernel	IOSEPBiometricService::sksQueueDequeue -> err:0xe00002f0
error	14:46:34.506827-0600	dasd	Activity <private> not tracked as being started, ignoring it
error	14:46:34.515043-0600	backboardd	cycle detected between [37-E03] -> [37-3]
error	14:46:34.515165-0600	dasd	No group name for <private>
error	14:46:34.515204-0600	SpringBoard	-[RTIInputSystemClient remoteTextInputSessionWithID:performInputOperation:]  perform input operation requires a valid sessionID. inputModality = Keyboard, inputOperation = <null selector>, customInfoType = UIEmojiSearchOperations
error	14:46:34.515490-0600	backboardd	cycle detected between [37-E03] -> [37-3]
error	14:46:34.519067-0600	WidgetRenderer_Default	[[com.apple.ScreenTimeWidgetApplication::com.apple.ScreenTimeWidgetApplication.ScreenTimeWidgetExtension:com.apple.ScreenTimeWidgetApplication:systemSmall:3188142529590651867:162.67/162.67/27.65:(null)~(null)] on local] Content load not possible: data protection level of entry [ClassA] does not allow loading the content at this time (system protection level: ClassC)
error	14:46:34.519474-0600	SpringBoard	Complication row elements present for top and bottom positions, defaulting to top
error	14:46:34.519984-0600	SpringBoard	CSProminentTimeView textLabel is not centered with timeViewFrame: <private>, textLabel frame: <private>, measurementFont: <private>, labelSize: <private>.
error	14:46:34.520993-0600	SpringBoard	[User Presence Monitor] Failed to cancel poll for attention with error: Error Domain=NSPOSIXErrorDomain Code=57 UserInfo={NSLocalizedDescription= Not connected to server}
error	14:46:34.521975-0600	SpringBoard	ListView's window is nil, using UIScreen as the fallback size for orientation check
error	14:46:34.522093-0600	SpringBoard	[User Presence Monitor] Failed to cancel poll for attention with error: Error Domain=NSPOSIXErrorDomain Code=57 UserInfo={NSLocalizedDescription= Not connected to server}
error	14:46:34.522459-0600	kernel	Error setting grimaldi power state
error	14:46:34.531771-0600	kernel	IOSEPBiometricService::sksQueueDequeue -> err:0xe00002f0
error	14:46:34.532679-0600	kernel	IOSEPBiometricService::sksQueueDequeue -> err:0xe00002f0
error	14:46:34.544245-0600	SpringBoard	[User Presence Monitor] Failed to cancel poll for attention with error: Error Domain=NSPOSIXErrorDomain Code=57 UserInfo={NSLocalizedDescription= Not connected to server}
error	14:46:34.548301-0600	kernel	IOSEPBiometricService::sksQueueDequeue -> err:0xe00002f0
error	14:46:34.548562-0600	kernel	IOSEPBiometricService::sksQueueDequeue -> err:0xe00002f0
error	14:46:34.566919-0600	SpringBoard	Attempt to uniquely identify element that already has a unique identifier – ignoring: element: <SBLockElementViewProvider: 0x9198c1f80; elementIdentifier: systemApertureElementIdentifierLock; clientIdentifier: com.apple.springboard; uniqueElementIdentifier: AD1E6A63-D623-46CD-AD73-BA1131998F61; contentProvider: <SBUISystemApertureContentProvider: 0x91996d580>>; uniqueID: AD1E6A63-D623-46CD-AD73-BA1131998F61
error	14:46:34.567492-0600	kernel	IOSEPBiometricService::sksQueueDequeue -> err:0xe00002f0
error	14:46:34.571245-0600	SpringBoard	The connection invalidated: Connection invalid.
error	14:46:34.571644-0600	SpringBoard	[User Presence Monitor] Failed polling for attention with error: Error Domain=NSPOSIXErrorDomain Code=57 UserInfo={NSLocalizedDescription= Not connected to server}
error	14:46:34.578002-0600	kernel	IOSEPBiometricService::sksQueueDequeue -> err:0xe00002f0
error	14:46:34.582408-0600	SpringBoard	[User Presence Monitor] Failed to cancel poll for attention with error: Error Domain=NSPOSIXErrorDomain Code=57 UserInfo={NSLocalizedDescription= Not connected to server}
error	14:46:34.582571-0600	SpringBoard	[User Presence Monitor] Failed polling for attention with error: Error Domain=NSPOSIXErrorDomain Code=57 UserInfo={NSLocalizedDescription= Not connected to server}
error	14:46:34.583389-0600	SpringBoard	[User Presence Monitor] Failed polling for attention with error: Error Domain=NSPOSIXErrorDomain Code=57 UserInfo={NSLocalizedDescription= Not connected to server}
error	14:46:34.593974-0600	sharingd	SDAirDropNearFieldService: Near field Controller is not available.
error	14:46:34.612519-0600	kernel	IOSEPBiometricService::sksQueueDequeue -> err:0xe00002f0
error	14:46:34.613645-0600	Spotlight	Warning: applying updates in a non-thread confined manner is dangerous and can lead to deadlocks. Please always submit updates either always on the main queue or always off the main queue - view=<SearchUICollectionView: 0x84b1b0000; baseClass = UICollectionView; frame = (0 0; 393 852); clipsToBounds = YES; autoresize = W+H; gestureRecognizers = <NSArray: 0x849999d70>; layer = <CALayer: 0x84ad62280>; contentOffset: {0, -59}; contentSize: {393, 1381.6666666666667}; adjustedContentInset: {59, 0, 80.666666666666671, 0} topEdge=<style=automatic backgroundCapture=sampled> bottomEdge=<style=automatic backgroundCapture=sampled>; layout: <SearchUICollectionViewLayout: 0x105535d10>; dataSource: <__UIDiffableDataSource 0x84acaaf80: sectionCounts=<_UIDataSourceSnapshotter: 0x849926380; 0 sections with item counts: [] >; sections=[0x849924040]; identifiers=[0x849925a80]>>
error	14:46:34.614460-0600	Spotlight	Warning: applying updates in a non-thread confined manner is dangerous and can lead to deadlocks. Please always submit updates either always on the main queue or always off the main queue - view=<SearchUICollectionView: 0x84b1b0000; baseClass = UICollectionView; frame = (0 0; 393 852); clipsToBounds = YES; autoresize = W+H; gestureRecognizers = <NSArray: 0x849999d70>; layer = <CALayer: 0x84ad62280>; contentOffset: {0, -59}; contentSize: {393, 1381.6666666666667}; adjustedContentInset: {59, 0, 80.666666666666671, 0} topEdge=<style=automatic backgroundCapture=sampled> bottomEdge=<style=automatic backgroundCapture=sampled>; layout: <SearchUICollectionViewLayout: 0x105535d10>; dataSource: <__UIDiffableDataSource 0x84acaaf80: sectionCounts=<_UIDataSourceSnapshotter: 0x84a6b81a0; 0 sections with item counts: [] >; sections=[0x84a6b8200]; identifiers=[0x84a6ba940]>>
error	14:46:34.614810-0600	Spotlight	Warning: applying updates in a non-thread confined manner is dangerous and can lead to deadlocks. Please always submit updates either always on the main queue or always off the main queue - view=<SearchUICollectionView: 0x84b1b1c00; baseClass = UICollectionView; frame = (0 0; 393 852); clipsToBounds = YES; autoresize = W+H; gestureRecognizers = <NSArray: 0x849308f00>; layer = <CALayer: 0x84ae62190>; contentOffset: {0, -59}; contentSize: {393, 0}; adjustedContentInset: {59, 0, 325, 0} topEdge=<style=automatic backgroundCapture=sampled> bottomEdge=<style=automatic backgroundCapture=sampled>; layout: <SearchUICollectionViewLayout: 0x105539550>; dataSource: <__UIDiffableDataSource 0x84ae892c0: sectionCounts=<_UIDataSourceSnapshotter: 0x849926b00; 0 sections with item counts: [] >; sections=[0x849925580]; identifiers=[0x849926580]>>
error	14:46:34.617134-0600	sharingd	MacUnlockPhone isn't enabled, not registering
error	14:46:34.618740-0600	coreauthd	companionForUser:501 type:1 -> Error Domain=com.apple.LocalAuthentication Code=-1000 "companions not supported" UserInfo={NSDebugDescription=companions not supported, NSLocalizedDescription=Authentication failure.}
error	14:46:34.618758-0600	coreauthd	companionForUser:501 type:2 -> Error Domain=com.apple.LocalAuthentication Code=-1000 "companions not supported" UserInfo={NSDebugDescription=companions not supported, NSLocalizedDescription=Authentication failure.}
error	14:46:34.618776-0600	coreauthd	companionForUser:501 type:4 -> Error Domain=com.apple.LocalAuthentication Code=-1000 "companions not supported" UserInfo={NSDebugDescription=companions not supported, NSLocalizedDescription=Authentication failure.}
error	14:46:34.622464-0600	Spotlight	Warning: applying updates in a non-thread confined manner is dangerous and can lead to deadlocks. Please always submit updates either always on the main queue or always off the main queue - view=<SearchUICollectionView: 0x84b1b0000; baseClass = UICollectionView; frame = (0 0; 393 852); clipsToBounds = YES; autoresize = W+H; gestureRecognizers = <NSArray: 0x849309c50>; layer = <CALayer: 0x84ad62280>; contentOffset: {0, -59}; contentSize: {393, 1381.6666666666667}; adjustedContentInset: {59, 0, 80.666666666666671, 0} topEdge=<style=automatic backgroundCapture=sampled> bottomEdge=<style=automatic backgroundCapture=sampled>; layout: <SearchUICollectionViewLayout: 0x105535d10>; dataSource: <__UIDiffableDataSource 0x84acaaf80: sectionCounts=<_UIDataSourceSnapshotter: 0x84a6b9ce0; 0 sections with item counts: [] >; sections=[0x1055278a0]; identifiers=[0x1055278a0]>>
error	14:46:34.635500-0600	kernel	IOSEPBiometricService::sksQueueDequeue -> err:0xe00002f0
error	14:46:34.642122-0600	kernel	IOSEPBiometricService::sksQueueDequeue -> err:0xe00002f0
error	14:46:34.646317-0600	apsd	No policies defined for this process
error	14:46:34.647212-0600	apsd	No policies defined for this process
error	14:46:34.667294-0600	SpringBoard	Data type not yet set for stream blendingUIHomeScreen, please switch to APIs that take eventDataClass as a parameter.
error	14:46:34.667299-0600	SpringBoard	Event class '<private>' missing from NSKeyedUnarchiver allowedClasses
error	14:46:34.667574-0600	biomed	Bookmark failed validation <private> when processing event write for Device.ScreenLocked Error Domain=BiomePubSubError Code=2 UserInfo={NSLocalizedDescription=<private>}
error	14:46:34.668778-0600	nfcd	-[NFPowerAssertion releasePowerAssertion:logFaultOnOverRelease:]:162 ExpressMode does not hold assertion
error	14:46:34.670701-0600	audioaccessoryd	Message sent: kNoErr
error	14:46:34.694427-0600	appprotectiond	Checked unlockUnacceptedPrivacyDisclosureApps before first unlock
error	14:46:34.718655-0600	kernel	IOSEPBiometricService::sksQueueDequeue -> err:0xe00002f0
error	14:46:34.719063-0600	kernel	IOSEPBiometricService::sksQueueDequeue -> err:0xe00002f0
error	14:46:34.728302-0600	healthd	FCMoveModeCoordinator failed to get date of birth: Error Domain=com.apple.healthkit Code=6 "Protected health data is inaccessible" UserInfo={NSLocalizedDescription=Protected health data is inaccessible}
error	14:46:34.728420-0600	healthd	FCMoveModeCoordinator failed to load most recent activity move mode change sample: Error Domain=com.apple.healthkit Code=6 "Protected health data is inaccessible" UserInfo={NSLocalizedDescription=Protected health data is inaccessible}
error	14:46:34.728774-0600	healthd	FCMoveModeCoordinator failed to get wheelchair use: Error Domain=com.apple.healthkit Code=6 "Protected health data is inaccessible" UserInfo={NSLocalizedDescription=Protected health data is inaccessible}
error	14:46:34.735609-0600	rtcreportingd	gap in hierarchy: <private> level 1
error	14:46:34.746431-0600	contextstored	Dispatching call to deprecated registration callback for <private>, this may lead to priority problems. Switch to non-deprecated _CDContextualChangeRegistration APIs.
error	14:46:34.751851-0600	contextstored	[end]   id=8810 name=saveObjects client=(null) warning: operation peaked near limit of 10MB (start: 8.7MB, peak: 9.2MB, end: 8.8MB)
error	14:46:34.754303-0600	contextstored	[end]   id=8812 name=saveObjects client=(null) warning: operation peaked near limit of 10MB (start: 8.8MB, peak: 9.2MB, end: 8.8MB)
error	14:46:34.759903-0600	SpringBoard	No data found at /var/mobile/Library/UserNotifications/B1A0DB7A-1AF4-436E-983D-80C753DC73A2/PendingNotifications.plist
error	14:46:34.760030-0600	SpringBoard	No data found at /var/mobile/Library/UserNotifications/B1A0DB7A-1AF4-436E-983D-80C753DC73A2/Schedule.plist
error	14:46:34.760061-0600	SpringBoard	No data found at /var/mobile/Library/UserNotifications/B1A0DB7A-1AF4-436E-983D-80C753DC73A2/Schedule.plist
error	14:46:34.760066-0600	SpringBoard	No data found at /var/mobile/Library/UserNotifications/B1A0DB7A-1AF4-436E-983D-80C753DC73A2/PendingNotifications.plist
error	14:46:34.761359-0600	SpringBoard	No data found at /var/mobile/Library/UserNotifications/B1A0DB7A-1AF4-436E-983D-80C753DC73A2/PendingNotifications.plist
error	14:46:34.761373-0600	SpringBoard	No data found at /var/mobile/Library/UserNotifications/B1A0DB7A-1AF4-436E-983D-80C753DC73A2/Schedule.plist
error	14:46:34.761442-0600	SpringBoard	No data found at /var/mobile/Library/UserNotifications/B1A0DB7A-1AF4-436E-983D-80C753DC73A2/Schedule.plist
error	14:46:34.761467-0600	SpringBoard	No data found at /var/mobile/Library/UserNotifications/B1A0DB7A-1AF4-436E-983D-80C753DC73A2/PendingNotifications.plist
error	14:46:34.763330-0600	SpringBoard	No data found at /var/mobile/Library/UserNotifications/B1A0DB7A-1AF4-436E-983D-80C753DC73A2/PendingNotifications.plist
error	14:46:34.763390-0600	SpringBoard	No data found at /var/mobile/Library/UserNotifications/B1A0DB7A-1AF4-436E-983D-80C753DC73A2/Schedule.plist
error	14:46:34.763494-0600	SpringBoard	No data found at /var/mobile/Library/UserNotifications/B1A0DB7A-1AF4-436E-983D-80C753DC73A2/PendingNotifications.plist
error	14:46:34.763499-0600	SpringBoard	No data found at /var/mobile/Library/UserNotifications/B1A0DB7A-1AF4-436E-983D-80C753DC73A2/Schedule.plist
error	14:46:34.770443-0600	kernel	netagent_get_agent_domain_and_type: Type requested for invalid netagent
error	14:46:34.772042-0600	SpringBoard	No data found at /var/mobile/Library/UserNotifications/B1A0DB7A-1AF4-436E-983D-80C753DC73A2/PendingNotifications.plist
error	14:46:34.772084-0600	SpringBoard	No data found at /var/mobile/Library/UserNotifications/B1A0DB7A-1AF4-436E-983D-80C753DC73A2/Schedule.plist
error	14:46:34.772157-0600	SpringBoard	No data found at /var/mobile/Library/UserNotifications/B1A0DB7A-1AF4-436E-983D-80C753DC73A2/PendingNotifications.plist
error	14:46:34.772267-0600	SpringBoard	No data found at /var/mobile/Library/UserNotifications/B1A0DB7A-1AF4-436E-983D-80C753DC73A2/Schedule.plist
error	14:46:34.779841-0600	coreauthd	companionForUser:501 type:1 -> Error Domain=com.apple.LocalAuthentication Code=-1000 "companions not supported" UserInfo={NSDebugDescription=companions not supported, NSLocalizedDescription=Authentication failure.}
error	14:46:34.779854-0600	coreauthd	companionForUser:501 type:2 -> Error Domain=com.apple.LocalAuthentication Code=-1000 "companions not supported" UserInfo={NSDebugDescription=companions not supported, NSLocalizedDescription=Authentication failure.}
error	14:46:34.779865-0600	coreauthd	companionForUser:501 type:4 -> Error Domain=com.apple.LocalAuthentication Code=-1000 "companions not supported" UserInfo={NSDebugDescription=companions not supported, NSLocalizedDescription=Authentication failure.}
